163:/opt/homebrew/share/lua/5.4/busted/block.lua
0 0 0 0 0 0 0 0 0 0 0 0 0 0 0 1 1 0 1 1768 0 1768 1769 0 1 104 104 1872 1768 1664 0 104 105 0 0 52 52 52 52 1 0 1 208 0 208 156 156 0 0 0 0 208 30 0 208 208 178 0 0 30 30 0 0 0 0 30 0 30 0 30 1 0 1 238 0 238 156 156 0 0 0 0 238 0 238 290 52 0 0 0 238 238 1 0 1 268 268 0 268 268 0 0 0 0 268 0 268 156 0 0 0 268 1 0 1 52 1 0 1 30 30 30 0 31 0 1 30 1 0 1 30 1 0 1 29 0 29 29 29 0 0 0 0 29 0 29 29 0 29 0 0 0 0 29 29 0 0 29 29 0 30 0 1 
65:/opt/homebrew/share/lua/5.4/busted/compatibility.lua
0 0 104 104 104 0 0 150 150 150 0 104 0 0 0 3 3 3 0 0 3 3 3 0 3 3 3 0 0 3 0 0 0 0 0 0 1 0 1 1 0 1 0 0 0 0 0 0 0 0 0 0 0 0 0 0 0 0 0 0 0 0 0 0 1 
130:/opt/homebrew/share/lua/5.4/busted/context.lua
0 0 0 3 114 111 3 3 3 3 3 3 0 0 0 3 174 171 3 114 0 111 0 0 3 243 240 3 3 0 0 0 0 0 0 0 0 0 0 0 0 0 0 0 52 52 104 52 52 0 52 104 0 0 0 0 0 0 0 52 0 52 0 0 133 133 3 130 52 78 0 0 133 133 0 0 133 133 0 0 133 3 0 133 0 0 2293 0 0 0 0 0 0 0 0 0 0 0 0 0 0 0 0 0 84 84 84 84 0 0 31 0 0 0 6260 0 0 0 378 378 378 378 378 0 0 378 378 378 378 378 
317:/opt/homebrew/share/lua/5.4/busted/core.lua
0 0 0 0 0 0 0 0 0 0 22 0 0 0 0 0 0 0 0 0 0 0 0 0 0 0 12 12 11 1 0 0 1 0 0 0 23 0 0 0 3 0 0 0 0 0 0 0 0 0 0 0 0 0 0 0 0 0 0 0 0 0 0 0 0 0 0 0 0 93 93 0 93 93 126 104 33 33 0 0 93 93 0 93 93 0 0 0 12 12 12 12 0 12 12 0 0 0 0 0 12 0 0 0 261 0 0 0 34 0 0 0 0 0 0 0 105 0 205 205 3 3 3 3 3 3 0 0 202 102 102 102 102 102 0 0 100 0 0 0 0 0 0 11 11 11 11 11 11 0 0 0 0 0 0 0 0 0 0 0 0 0 0 0 0 0 3 0 3 0 3 0 0 378 378 378 0 756 12 12 12 768 0 378 12 0 0 0 12 0 0 0 0 0 0 0 0 0 0 0 12 0 378 0 378 378 0 0 0 164 164 164 82 82 82 82 82 82 0 328 164 328 164 0 0 0 0 0 0 0 0 0 0 0 0 0 0 0 0 0 0 0 0 0 0 0 0 0 0 0 0 0 0 0 0 0 0 0 84 3 3 81 0 0 0 84 0 84 84 81 0 0 0 84 168 0 84 84 0 0 0 0 0 0 84 84 84 84 84 84 84 84 84 84 84 84 0 0 84 0 84 33 0 51 0 84 0 0 0 30 114 84 84 162 84 30 30 
31:/opt/homebrew/share/lua/5.4/busted/environment.lua
0 0 0 0 0 0 0 6925 0 6726 4855 6726 0 0 0 0 0 0 0 0 2070 0 0 0 0 0 0 0 0 0 3 
72:/opt/homebrew/share/lua/5.4/busted/execute.lua
1 1 1 0 0 0 0 0 0 0 0 0 1 0 0 1 0 0 1 1 0 0 0 0 0 0 0 0 0 0 0 0 0 0 0 0 0 0 1 0 2 1 0 0 0 0 0 1 0 1 0 0 0 0 1 1 1 1 0 1 1 0 1 0 1 0 0 0 2 0 1 1 
129:/opt/homebrew/share/lua/5.4/busted/init.lua
0 0 0 0 3 3 3 0 3 3 0 0 26 26 26 0 26 26 0 0 52 52 0 52 0 0 0 0 52 0 52 52 52 0 52 0 52 52 52 52 52 0 0 0 0 0 0 52 0 0 52 52 0 0 0 0 0 0 0 0 0 0 0 0 0 0 0 0 0 0 0 0 0 0 0 0 0 0 0 0 0 0 0 0 0 0 0 0 0 0 0 0 0 0 0 0 0 0 0 0 0 0 0 0 0 0 0 0 0 0 0 0 0 0 0 0 0 0 0 0 0 0 0 0 0 0 0 0 173 
50:/opt/homebrew/share/lua/5.4/busted/languages/en.lua
1 0 1 0 0 1 1 1 1 0 1 1 1 1 0 1 1 1 1 0 1 1 1 1 0 1 0 1 1 0 0 1 1 1 1 1 1 1 1 1 0 1 1 1 1 1 1 0 1 1 
4:/opt/homebrew/share/lua/5.4/busted/luajit.lua
1 0 1 2 
23:/opt/homebrew/share/lua/5.4/busted/modules/files/lua.lua
1 0 1 0 0 93 93 93 1 0 0 3 1 0 0 3 3 0 0 3 1 0 1 
107:/opt/homebrew/share/lua/5.4/busted/modules/files/moonscript.lua
1 0 2 1 1 0 1 0 0 0 0 0 0 0 0 0 0 1 0 0 0 0 0 0 0 0 0 0 0 0 1 0 0 0 0 0 1 0 0 0 0 0 0 0 0 0 0 0 0 0 0 0 0 0 0 0 0 0 0 0 0 0 0 0 0 0 1 0 1 0 0 0 0 0 0 0 0 0 0 0 1 0 0 0 0 0 0 0 0 0 0 0 1 0 0 0 1 0 0 0 0 0 0 0 1 0 1 
156:/opt/homebrew/share/lua/5.4/busted/modules/filter_loader.lua
0 0 0 52 52 0 156 156 104 104 0 0 52 1 0 0 0 0 1 0 0 78 0 0 0 78 78 1 0 0 52 52 0 0 0 52 52 1 0 0 78 0 0 0 78 78 1 0 1 1 0 0 0 0 0 0 0 0 0 0 0 0 1 0 0 78 0 0 0 78 78 1 0 0 52 0 0 0 52 52 1 0 0 0 0 0 0 0 0 0 0 0 1 0 0 0 1 0 1 0 0 0 0 0 0 1 0 0 0 1 0 0 10 18 13 5 0 11 0 0 0 0 0 0 0 0 1 0 1 0 0 0 0 0 0 0 0 0 0 0 0 0 0 1 1 1 1 0 0 1 1 1 1 1 1 1 
34:/opt/homebrew/share/lua/5.4/busted/modules/output_handler_loader.lua
0 0 0 0 0 0 1 0 1 2 1 0 1 0 0 1 0 2 0 1 0 0 0 1 0 0 0 0 1 0 0 0 1 1 
101:/opt/homebrew/share/lua/5.4/busted/modules/test_file_loader.lua
1 0 0 1 1 1 1 0 3 2 2 1 0 0 1 0 1 0 1 1 1 0 2 4 4 0 0 0 4 5 4 3 0 1 1 2 0 2 3 0 0 3 0 2 0 0 0 0 0 1 1 1 0 0 1 2 1 1 1 1 0 0 0 3 3 3 0 0 1 0 0 1 0 4 3 0 3 6 3 3 3 3 0 0 3 0 1 0 1 0 0 0 0 0 0 0 1 1 0 1 1 
181:/opt/homebrew/share/lua/5.4/busted/outputHandlers/base.lua
1 1 0 0 1 1 1 1 1 1 1 1 1 1 1 0 0 0 156 1 0 0 1 1 0 1 0 0 0 1 1 1 1 1 1 1 1 1 1 2 0 0 52 52 0 156 156 0 104 104 0 0 52 1 0 0 0 52 588 536 432 0 52 52 52 0 52 52 52 52 52 52 52 0 52 0 52 1 0 0 1 0 0 0 1 1 0 0 1 1 1 1 0 0 0 0 0 0 0 0 0 0 0 0 0 1 0 0 1 1 1 1 0 0 52 52 1 0 0 52 0 52 40 40 12 0 0 12 0 11 11 1 0 1 0 0 40 0 40 40 40 0 40 0 40 0 0 40 0 40 1 0 0 0 0 0 0 1 0 0 11 11 1 0 0 1 1 1 1 0 0 12 0 0 0 0 12 1 0 1 1 
224:/opt/homebrew/share/lua/5.4/busted/outputHandlers/utfTerminal.lua
1 1 1 1 1 1 1 1 1 1 1 1 0 1 0 0 1 1 1 1 0 1 1 1 0 1 1 0 0 0 0 0 1 0 0 0 1 0 0 0 0 1 0 0 0 0 1 1 0 0 0 1 1 1 1 0 0 0 0 0 0 0 0 0 0 0 0 0 0 0 0 0 1 0 0 12 12 12 0 0 0 0 0 0 12 1 0 0 0 12 12 1 0 0 12 0 0 0 0 12 12 12 24 24 0 0 12 12 0 0 12 1 0 0 1 1 1 1 0 1 1 1 1 1 0 1 0 1 0 0 0 1 0 1 0 0 0 1 1 0 0 0 0 1 0 1 1 0 0 1 0 1 1 1 1 1 1 0 0 52 52 0 52 0 52 11 41 1 0 0 52 52 0 0 52 1 0 0 1 1 1 0 1 1 0 0 1 1 0 1 0 0 1 0 12 11 11 1 0 2 1 1 1 0 1 1 0 0 0 0 0 0 1 0 1 1 1 1 1 1 1 0 1 1 
219:/opt/homebrew/share/lua/5.4/busted/runner.lua
0 0 0 0 0 0 0 0 0 0 0 0 0 0 0 0 0 0 0 0 0 0 0 0 0 0 0 0 0 0 0 0 0 0 0 0 0 0 0 0 0 0 0 0 0 0 0 0 0 0 0 0 0 0 0 0 0 0 0 1 0 0 0 0 0 0 1 0 0 0 0 1 0 0 0 0 0 1 1 0 0 1 1 0 0 0 1 1 0 1 0 0 0 1 1 1 0 2 0 0 1 0 2 0 0 1 0 2 1 1 1 1 0 2 11 11 0 0 0 11 11 1 0 0 1 1 1 0 0 2 1 1 1 1 1 1 1 0 0 0 1 0 0 1 0 0 0 0 0 0 0 0 0 0 0 0 0 0 0 0 0 0 0 0 0 0 0 1 0 1 0 0 0 0 0 0 0 0 0 2 1 1 1 1 1 1 1 1 1 0 0 1 0 1 1 1 2 1 1 1 1 0 0 0 0 0 0 1 1 2 1 1 1 0 0 1 0 1 1 
41:/opt/homebrew/share/lua/5.4/busted/status.lua
0 482 482 482 482 482 482 482 482 0 482 0 0 0 430 430 675 430 430 430 0 0 0 430 0 0 0 430 0 0 0 52 52 52 0 482 0 0 860 430 534 
35:/opt/homebrew/share/lua/5.4/busted/utils.lua
0 0 0 1 1 5 4 4 0 0 1 0 0 0 0 0 0 0 0 0 0 0 0 0 0 0 1 1 1 1 1 5 4 1 1 
32:/opt/homebrew/share/lua/5.4/cliargs.lua
0 0 1 1 0 1 0 1 1 1 0 0 1 0 1 1 0 0 0 1 86 85 14 0 1 0 1 2 0 1 0 1 
556:/opt/homebrew/share/lua/5.4/cliargs/core.lua
0 0 0 0 0 0 0 0 0 0 0 0 0 0 0 0 0 2 2 0 0 0 0 0 0 0 0 0 0 0 0 0 0 1 1 1 0 1 1 0 2 0 0 0 0 0 0 2 0 0 0 2 2 0 2 0 0 0 0 2 0 0 0 2 0 0 0 0 2 2 2 2 2 2 2 2 2 2 0 0 2 3 0 0 0 0 0 0 0 0 0 0 0 0 0 0 0 0 0 0 0 0 0 0 0 0 0 0 0 0 0 0 0 0 0 0 1 0 0 0 0 0 0 0 0 1 1 0 1 1 0 0 1 0 0 0 1 0 0 0 0 0 0 0 0 0 0 0 0 0 1 0 1 0 1 0 0 0 0 0 0 0 0 0 0 0 0 0 1 0 0 0 0 0 0 0 0 0 0 0 0 0 0 0 0 0 1 0 0 0 0 0 0 0 0 0 1 0 0 0 0 0 0 0 0 0 0 0 0 0 0 0 0 0 0 0 1 0 0 0 0 0 0 0 0 0 0 0 1 0 0 0 0 0 0 0 0 0 0 0 0 0 0 0 0 0 0 0 0 0 0 0 0 0 0 0 0 0 0 0 0 0 0 0 0 1 0 0 0 0 0 0 0 0 0 0 0 0 0 0 0 0 0 0 0 0 1 0 0 0 0 0 0 0 0 0 0 0 0 0 0 0 0 0 0 0 0 0 0 0 0 0 0 0 0 0 0 0 0 0 0 0 0 0 0 0 0 0 0 0 0 0 0 0 0 0 1 0 0 0 0 0 0 0 0 0 0 0 0 0 0 0 0 0 0 0 0 0 0 0 0 0 0 0 0 0 0 0 0 0 0 0 0 0 0 1 0 0 0 0 0 0 0 0 0 0 0 0 0 0 0 0 0 0 0 0 0 0 0 0 0 0 0 0 0 0 0 0 0 1 0 0 0 0 0 0 0 0 0 0 0 0 0 0 0 0 0 0 0 0 0 1 0 0 0 0 0 0 0 0 0 0 0 0 0 0 0 0 0 0 0 0 0 0 0 0 0 0 0 0 0 0 0 0 0 0 0 0 0 0 1 2 0 0 0 0 4 0 2 0 2 0 2 0 0 0 2 0 2 1 0 0 0 0 0 0 0 0 0 0 0 0 0 0 0 0 1 0 0 0 0 0 0 0 0 1 0 0 0 0 0 0 0 0 0 0 0 0 0 0 0 1 1 1 0 0 0 0 0 1 0 1 0 1 0 1 0 0 0 0 0 1 0 1 0 1 
315:/opt/homebrew/share/lua/5.4/cliargs/parser.lua
0 0 0 0 0 0 0 0 0 0 0 0 0 0 0 0 0 0 0 0 0 0 0 0 0 0 0 1 0 1 0 0 0 0 0 0 0 0 0 0 0 0 0 0 0 0 0 0 0 0 0 0 0 0 0 0 0 0 0 0 0 0 0 1 0 1 0 0 0 0 5 4 0 0 1 0 1 0 0 0 0 1 0 0 1 0 0 0 0 1 1 1 1 0 0 0 0 1 0 1 0 1 0 0 0 0 0 0 0 0 0 0 0 0 0 0 0 0 0 0 0 0 0 0 0 0 0 0 0 0 0 0 0 0 0 0 0 0 0 0 0 0 0 0 0 0 0 0 0 0 0 0 0 0 0 0 0 0 0 0 0 0 0 0 0 0 0 0 0 0 0 0 0 0 0 0 0 0 0 0 0 0 0 0 0 0 0 0 0 0 0 0 0 0 0 0 0 0 0 0 0 0 0 0 0 0 0 0 0 0 0 0 1 0 0 0 1 1 0 1 1 0 0 1 0 0 0 0 0 0 0 0 0 0 0 0 0 0 1 0 0 0 1 0 2 2 0 2 0 0 0 2 0 2 2 0 0 0 1 0 0 2 2 3 0 3 2 2 0 2 2 0 0 2 0 2 0 2 0 2 0 0 0 0 2 1 0 1 0 0 0 0 2 1 1 0 0 1 0 0 2 2 2 2 2 1 0 0 1 0 1 1 1 1 1 
261:/opt/homebrew/share/lua/5.4/cliargs/printer.lua
0 0 0 0 0 0 0 1 0 1 0 1 0 0 0 0 0 0 0 0 0 0 0 0 0 0 0 0 0 0 0 0 0 0 0 0 0 0 0 0 1 0 0 1 0 0 0 0 0 0 0 0 0 0 0 0 0 0 0 0 0 0 0 0 0 0 0 0 0 0 0 0 0 0 0 0 0 0 0 0 1 0 1 0 0 0 0 0 0 0 0 0 0 0 0 0 0 0 0 0 0 0 0 0 0 0 0 0 0 0 0 0 0 0 0 0 0 0 0 0 0 0 0 0 0 0 0 0 0 0 0 0 0 0 0 0 0 0 0 0 0 0 0 0 0 0 0 0 0 0 0 0 0 0 0 0 0 0 0 0 0 0 0 1 0 1 0 0 0 0 0 0 0 0 0 0 0 0 0 0 0 0 0 0 0 0 0 0 0 0 0 0 0 0 0 0 0 0 0 0 0 0 0 0 0 0 0 0 0 0 0 0 0 0 0 0 0 0 0 0 0 0 0 0 0 0 0 0 0 0 0 0 0 0 0 0 0 0 0 0 0 0 0 0 0 0 0 0 0 1 0 1 0 0 0 0 0 0 1 0 1 
66:/opt/homebrew/share/lua/5.4/cliargs/utils/disect.lua
0 0 0 0 0 0 0 0 0 0 0 0 0 0 0 0 0 0 0 0 0 0 0 0 0 2 0 0 0 0 0 0 2 2 0 0 0 0 0 0 0 2 2 0 0 0 0 2 2 0 0 0 2 0 0 2 0 0 2 2 0 2 0 0 0 2 
10:/opt/homebrew/share/lua/5.4/cliargs/utils/filter.lua
0 4 0 12 8 0 0 4 0 4 
22:/opt/homebrew/share/lua/5.4/cliargs/utils/lookup.lua
0 0 0 2 0 4 3 1 0 0 0 1 0 0 0 1 0 0 2 2 0 2 
21:/opt/homebrew/share/lua/5.4/cliargs/utils/split.lua
0 2 2 2 2 0 4 2 2 0 0 2 2 0 0 2 0 0 0 0 2 
92:/opt/homebrew/share/lua/5.4/luarocks/core/dir.lua
0 0 0 0 0 0 0 338 338 338 0 0 338 0 0 0 0 0 0 0 0 0 182 182 182 182 182 0 182 0 0 0 0 0 0 0 0 0 182 182 182 182 182 0 0 182 1118 936 0 0 0 0 0 0 936 936 0 182 182 0 182 0 0 182 0 182 0 0 182 0 182 0 0 0 0 0 0 0 0 0 0 0 0 0 78 78 0 0 234 156 78 78 
100:/opt/homebrew/share/lua/5.4/luarocks/core/manif.lua
0 0 0 0 0 0 0 0 0 0 0 0 0 0 0 0 0 0 0 0 0 0 0 0 0 0 0 0 0 0 0 0 0 0 0 0 0 0 0 0 0 0 52 52 0 0 0 0 0 0 0 0 0 0 26 0 26 0 0 26 0 0 26 26 0 0 0 0 0 0 0 0 0 0 0 0 0 52 52 26 0 0 26 26 0 0 0 26 52 52 52 26 0 78 26 0 0 0 11 11 
157:/opt/homebrew/share/lua/5.4/luarocks/core/path.lua
0 0 0 0 0 0 0 0 0 0 0 0 0 52 0 0 0 0 0 52 0 0 52 0 0 52 52 0 0 0 0 0 0 0 0 0 0 0 0 0 0 0 0 0 0 0 0 0 0 0 0 0 0 0 11 11 187 176 176 176 0 11 0 11 22 22 22 11 11 0 11 0 11 0 0 11 0 11 0 0 0 0 0 0 0 0 0 0 0 0 0 0 0 0 0 0 0 0 0 0 0 0 0 0 0 0 0 0 0 0 0 0 0 0 0 0 0 0 0 0 0 0 0 104 0 0 104 0 0 0 0 0 0 0 0 0 0 0 26 26 26 0 0 26 26 0 0 78 52 26 0 52 52 0 26 0 26 
67:/opt/homebrew/share/lua/5.4/luarocks/core/persist.lua
0 0 0 0 0 0 0 0 0 0 0 0 0 0 0 26 26 26 0 0 0 0 0 0 0 0 0 0 0 0 0 0 0 0 0 0 0 0 0 0 0 0 0 0 0 0 0 0 0 0 0 26 26 26 0 0 26 0 26 26 0 26 0 26 0 26 26 
319:/opt/homebrew/share/lua/5.4/luarocks/loader.lua
0 0 0 0 0 0 0 0 0 0 0 0 0 0 0 0 0 0 0 0 0 0 0 0 0 0 0 0 0 0 0 0 0 0 0 0 0 0 0 0 0 0 0 0 0 0 0 0 0 0 0 0 0 0 0 0 0 0 0 0 0 0 0 0 0 0 0 0 0 0 0 0 0 0 0 0 0 0 0 0 0 0 0 0 0 0 0 0 0 11 0 0 0 0 0 0 11 11 0 0 0 11 11 0 0 0 0 0 0 0 0 0 0 0 0 0 0 0 0 0 0 0 0 0 0 0 0 0 0 0 33 33 22 22 22 11 11 0 0 0 0 0 0 0 0 0 0 0 0 0 0 0 0 0 0 0 0 0 0 0 0 11 11 0 11 11 0 0 0 11 0 11 11 0 0 0 0 0 0 0 0 0 0 0 0 0 0 0 0 0 0 0 0 0 0 0 0 0 15 15 0 0 0 15 15 19 15 15 11 11 11 0 0 4 4 4 0 0 0 0 0 0 4 0 4 0 0 0 0 4 0 0 0 0 0 0 0 0 0 0 0 0 0 11 0 0 11 0 0 0 0 0 0 0 0 0 0 0 15 0 0 0 0 0 0 0 0 0 0 0 0 0 0 0 0 0 0 0 0 0 0 0 0 0 0 0 0 0 0 0 0 0 0 0 0 0 0 0 0 0 0 0 0 0 0 0 0 0 0 0 0 0 0 15 15 4 0 11 11 
175:/opt/homebrew/share/lua/5.4/luassert/assert.lua
0 0 0 0 0 0 0 0 0 0 0 11 0 11 0 0 11 11 0 0 11 0 0 0 0 0 125 0 125 0 316 191 125 0 125 316 191 66 0 125 0 125 125 0 125 11 11 0 0 11 11 0 0 114 6 0 108 0 0 0 0 0 0 0 0 0 0 0 0 0 0 0 321 192 129 0 129 0 0 0 0 126 0 0 0 0 0 0 0 0 0 0 0 0 0 0 0 0 0 0 0 0 0 0 0 0 0 0 0 0 0 0 0 0 0 0 0 0 0 11 11 33 22 22 22 22 22 0 0 11 0 0 0 1 1 0 0 0 0 0 0 0 0 0 0 0 0 0 0 0 0 0 0 0 0 0 0 0 0 0 0 0 0 0 0 0 84 0 0 0 84 0 0 0 126 
304:/opt/homebrew/share/lua/5.4/luassert/assertions.lua
0 0 0 0 0 0 0 0 0 0 0 0 0 0 0 0 0 0 125 0 0 125 0 0 0 0 0 0 0 0 0 0 0 0 0 0 0 0 0 0 0 0 0 0 0 0 0 0 0 0 0 0 0 0 0 0 0 0 0 0 0 0 0 0 0 0 0 0 0 0 0 0 0 0 0 0 0 0 0 0 0 0 0 0 0 0 0 0 0 0 0 0 0 0 0 0 0 0 0 0 0 0 0 0 0 0 0 0 0 0 0 0 77 77 77 77 0 77 77 77 0 0 0 1 1 1 1 1 0 1 1 1 1 1 1 0 0 0 0 0 0 0 0 0 0 0 0 0 0 0 0 0 0 0 0 0 0 6 6 6 6 6 6 6 6 0 3 0 6 6 6 6 6 6 6 6 0 6 5 0 1 0 1 1 1 0 1 1 0 0 0 0 0 0 0 0 0 0 0 0 0 0 0 0 0 0 0 0 0 0 0 0 0 0 0 0 0 0 0 0 0 0 0 0 0 0 0 0 0 0 0 0 0 0 0 0 0 0 0 0 0 0 0 0 0 0 0 0 0 0 0 0 0 0 0 0 0 0 0 0 0 0 0 0 3 3 3 0 0 0 2 2 2 0 0 0 36 36 36 36 36 0 0 0 0 0 0 0 0 0 0 0 0 0 0 0 0 0 1 0 4 22 0 9 
232:/opt/homebrew/share/lua/5.4/luassert/formatters/init.lua
0 0 0 0 0 0 0 0 0 0 0 0 0 0 0 0 0 0 0 0 0 0 0 0 0 0 0 0 0 0 0 0 0 0 0 0 17 0 0 0 17 0 17 0 17 0 0 0 17 0 17 0 0 0 0 0 17 0 0 0 17 17 0 0 0 0 19 2 0 17 0 0 22 3 0 19 0 0 0 0 0 0 0 0 0 0 0 0 0 0 0 0 0 0 0 0 0 0 0 0 0 0 0 0 0 0 0 0 0 0 0 0 0 0 0 0 0 0 0 0 0 0 0 22 22 0 0 0 0 0 0 0 0 0 0 0 0 0 0 0 0 0 0 0 0 0 0 0 0 0 0 0 0 0 0 0 0 0 0 0 0 0 0 0 0 0 0 0 0 0 0 0 0 0 0 0 0 0 0 0 0 0 0 0 0 0 0 0 0 0 0 0 0 22 0 0 0 22 0 0 22 0 0 22 0 0 22 0 0 22 0 0 22 22 0 0 0 0 0 0 0 0 0 0 0 0 0 0 0 0 22 22 
64:/opt/homebrew/share/lua/5.4/luassert/match.lua
0 0 0 0 0 0 0 0 0 0 0 0 0 0 0 0 0 0 0 0 0 0 0 0 0 0 0 0 0 0 0 0 0 0 0 0 0 0 0 0 0 0 0 0 0 0 0 0 0 0 0 0 0 0 0 0 0 0 0 0 0 0 0 22 
10:/opt/homebrew/share/lua/5.4/luassert/modifiers.lua
0 0 0 0 47 0 0 0 19 19 
105:/opt/homebrew/share/lua/5.4/luassert/state.lua
0 0 0 0 0 0 0 0 0 0 0 0 0 0 0 0 0 0 0 0 0 0 0 0 0 0 0 0 0 0 0 0 0 0 0 0 0 0 0 0 0 0 0 0 0 0 0 0 0 0 0 0 0 0 0 0 0 0 0 0 0 0 0 0 0 0 0 0 0 0 0 0 0 0 0 0 0 0 0 0 0 0 0 0 0 0 0 22 190 190 190 0 0 0 0 0 0 0 0 0 0 0 1 1 1 
359:/opt/homebrew/share/lua/5.4/luassert/util.lua
0 0 0 0 0 6 0 0 0 0 0 0 4 4 0 4 1 1 0 1 0 0 0 1 0 0 0 1 1 1 1 1 0 0 0 1 0 0 0 1 1 0 4 3 3 0 0 0 3 3 0 0 0 0 1 4 0 0 3 1 0 1 1 0 1 0 0 0 6 6 6 19 13 6 6 0 0 0 0 0 0 0 0 0 0 0 0 0 0 0 0 0 0 0 0 0 0 0 0 0 0 0 0 0 0 0 0 0 0 0 0 0 0 0 0 0 0 0 0 0 0 0 0 0 0 0 0 0 0 0 0 0 0 0 0 0 0 0 0 0 0 0 0 0 0 0 0 0 0 0 0 0 0 0 0 0 0 0 0 0 0 0 0 0 0 0 0 0 0 0 0 0 0 0 0 0 0 0 0 0 0 0 0 0 0 0 0 0 0 0 0 0 0 0 0 0 0 0 0 0 0 0 0 0 0 0 0 0 0 0 0 0 0 119 119 119 119 119 119 0 0 0 0 119 119 0 119 0 0 0 0 0 197 78 0 0 119 119 0 0 0 0 0 0 0 0 0 78 78 0 78 0 0 0 0 0 78 0 156 78 0 0 78 78 78 0 0 0 0 0 0 0 0 0 6 0 0 0 0 0 0 0 0 0 12 0 0 0 0 0 0 0 0 136 136 136 136 272 136 136 136 0 136 136 0 0 0 0 0 0 0 0 125 0 0 125 125 125 316 191 191 0 0 191 191 0 0 0 0 0 0 191 191 191 0 191 0 0 0 125 0 0 0 125 0 0 0 0 0 0 125 125 125 0 0 0 0 0 22 
154:/opt/homebrew/share/lua/5.4/mediator.lua
0 34 0 0 0 34 34 34 34 0 0 0 0 0 34 0 34 34 0 0 0 0 0 25 25 25 25 25 25 0 0 34 34 0 34 0 34 23 23 0 18 0 0 34 0 34 25 0 0 0 0 0 0 0 0 0 0 0 0 25 0 0 0 0 0 0 0 0 25 0 0 25 25 25 0 0 0 25 0 0 584 25 0 0 0 0 0 0 0 0 0 0 0 25 0 0 1148 618 0 0 618 0 618 0 618 618 0 0 0 530 353 0 177 0 25 25 0 0 0 0 0 0 0 0 0 0 0 0 0 0 0 295 0 879 584 0 0 295 0 0 0 34 0 0 0 0 0 0 0 0 0 0 0 261 
565:/opt/homebrew/share/lua/5.4/pl/List.lua
0 0 0 0 0 0 0 0 0 0 0 0 0 0 0 0 0 0 0 0 1 1 1 1 1 1 1 0 1 1 0 0 1 1 0 1 0 1 0 0 0 0 0 0 0 0 1 0 0 0 1 0 1 0 1 0 1 0 0 0 0 0 0 1 0 0 0 0 0 0 0 0 0 0 0 0 1 0 0 0 0 1 0 0 0 1 0 0 0 0 1 0 0 1 0 1 0 0 0 0 0 1 0 0 0 1 0 0 0 0 0 0 1 0 0 0 1 0 0 0 0 1 0 1 0 0 0 0 0 1 0 0 0 1 0 0 0 0 0 0 0 1 0 0 0 0 1 0 0 0 0 0 0 1 0 0 0 1 0 1 0 0 0 0 0 0 0 0 1 1 0 0 0 0 1 0 1 0 0 0 0 1 0 0 0 0 0 1 0 0 0 0 1 0 0 0 1 0 0 0 0 1 0 1 0 0 0 1 0 0 0 0 0 0 0 1 0 0 0 0 1 0 0 0 0 0 0 0 1 0 0 0 0 0 0 0 0 1 0 1 0 0 0 1 0 0 1 0 1 0 0 0 0 0 0 0 0 0 0 0 1 0 0 0 0 0 0 0 0 0 0 0 0 0 0 0 1 0 0 1 0 1 0 0 0 0 0 0 0 0 1 0 1 0 0 0 0 0 0 0 1 0 0 0 0 0 0 0 0 1 0 0 0 0 0 0 1 0 0 0 0 0 0 1 0 0 0 0 0 1 0 0 0 0 1 0 0 0 0 0 1 0 0 0 0 0 1 0 0 0 0 0 1 0 0 0 1 0 0 0 0 0 0 1 0 0 0 0 0 0 0 1 0 0 0 0 1 0 1 0 0 0 0 1 0 0 0 0 1 0 0 0 0 0 1 0 0 0 0 1 0 0 0 0 0 1 0 0 0 0 0 1 0 1 0 0 0 0 0 0 1 0 0 1 0 0 0 0 0 0 0 0 1 0 1 0 0 0 0 0 0 1 0 0 1 0 0 0 0 0 0 0 0 1 0 1 0 0 0 0 0 0 0 1 0 0 0 0 0 0 0 1 0 0 0 0 0 1 0 1 0 0 0 0 0 0 0 0 0 0 0 1 0 1 0 0 0 0 0 1 0 1 0 0 0 0 0 0 0 0 1 0 0 0 0 0 0 0 0 0 0 1 0 0 1 0 1 0 0 0 0 0 0 0 1 0 0 0 0 0 0 0 0 0 0 0 0 0 0 0 0 0 0 0 0 0 0 0 0 0 0 1 1 0 1 
218:/opt/homebrew/share/lua/5.4/pl/class.lua
0 0 0 0 0 0 0 0 0 0 0 0 0 0 0 0 0 0 0 0 0 0 0 0 0 0 0 0 0 0 0 0 0 0 0 0 0 0 0 0 0 0 0 0 0 0 0 0 0 0 0 0 0 0 0 0 0 0 0 0 0 0 0 0 0 0 0 0 0 0 0 0 0 0 0 0 0 0 0 0 0 0 0 0 0 0 0 0 0 0 0 0 0 0 0 0 0 0 0 0 0 0 0 0 0 0 0 0 0 0 0 0 0 0 0 0 0 0 0 0 0 0 0 0 0 0 0 0 0 0 1 0 1 1 0 0 0 1 0 0 1 0 0 0 0 0 0 1 0 0 0 1 1 1 1 1 0 0 1 0 0 0 0 0 0 0 0 0 0 0 0 0 0 0 0 0 0 0 0 0 0 0 1 0 0 0 0 0 0 0 0 1 1 1 1 1 0 1 1 0 0 1 0 0 0 0 0 0 0 0 0 0 0 0 0 0 0 1 
527:/opt/homebrew/share/lua/5.4/pl/dir.lua
0 0 0 0 0 0 0 1 1 1 1 1 1 1 1 1 1 1 0 1 1 0 1 0 0 1 1 0 0 1 2 0 0 4 4 1 0 0 0 0 0 0 0 0 0 0 1 0 0 0 1 0 0 0 0 0 0 1 0 0 0 0 0 0 0 0 1 0 0 0 0 0 0 0 0 0 0 0 0 0 0 1 0 0 0 0 0 0 1 0 0 0 0 0 0 0 0 0 0 0 1 0 0 0 0 0 1 0 0 0 1 0 1 0 0 0 0 0 0 0 0 0 0 0 0 0 0 1 0 0 0 0 0 0 0 0 0 0 0 0 0 0 0 0 0 0 0 0 0 0 0 0 0 0 0 0 0 0 0 0 0 0 0 0 0 0 0 0 0 0 0 0 0 0 0 0 0 0 0 0 0 0 0 0 0 1 0 0 0 1 0 0 0 0 0 0 0 0 0 0 0 0 0 0 0 0 0 0 0 0 0 0 0 0 0 0 0 0 0 0 0 0 0 0 0 0 0 0 0 0 0 1 0 0 0 0 0 0 0 1 0 0 0 0 1 0 0 0 0 0 0 1 0 0 0 1 0 0 0 0 0 0 0 0 0 0 0 0 0 0 0 0 1 0 0 0 0 0 0 0 0 0 0 0 0 0 0 0 1 0 0 0 0 0 0 0 0 0 0 0 0 0 0 0 0 0 0 0 0 0 0 0 0 0 0 0 0 0 1 0 0 0 0 0 0 0 1 0 0 0 0 0 0 0 0 0 0 0 0 0 0 0 0 0 0 0 0 0 0 0 0 1 0 0 0 1 1 0 0 1 0 0 1 1 0 0 0 0 0 0 0 0 0 0 0 0 0 0 1 0 0 0 0 0 0 1 0 0 0 0 0 2 0 0 0 0 0 0 0 0 0 0 0 0 0 0 1 0 0 0 0 0 0 0 0 0 0 0 0 0 0 0 0 0 0 0 0 0 0 0 0 0 0 0 0 0 0 0 0 0 0 0 0 0 0 0 0 0 1 0 0 0 0 0 0 0 20 20 1 0 0 19 19 19 4 4 0 0 15 7 7 7 7 3 0 7 0 0 0 8 1 0 0 0 0 0 0 1 1 0 1 1 0 0 0 1 0 1 1 0 0 0 0 0 0 0 0 1 1 1 1 0 1 1 8 7 4 4 4 0 0 1 0 1 1 0 1 
397:/opt/homebrew/share/lua/5.4/pl/path.lua
0 0 0 0 0 0 0 0 0 0 0 0 0 0 0 0 0 0 0 0 0 0 0 0 0 0 0 0 0 0 0 0 0 0 0 0 0 0 0 0 0 0 0 0 0 0 0 0 0 0 0 0 0 0 0 0 0 0 0 0 0 0 0 0 0 0 0 0 0 0 0 0 0 0 0 0 0 0 0 0 0 0 0 0 0 0 0 0 0 0 0 0 0 0 0 0 0 0 0 0 0 0 0 0 0 0 0 0 0 0 0 0 0 0 0 0 0 0 0 0 0 0 9 9 0 0 0 0 0 1 1 0 0 0 0 0 0 0 0 0 0 0 0 0 0 0 0 0 0 0 0 0 0 0 0 7 7 0 0 0 0 0 0 0 0 0 0 0 0 0 0 0 0 0 0 0 0 0 0 0 0 0 2800 0 0 0 0 0 0 0 0 0 0 0 0 0 0 0 0 0 0 0 0 0 0 0 0 0 0 0 0 0 0 0 0 0 0 0 0 0 0 0 0 0 0 0 0 0 0 0 0 201 201 201 2788 2587 2587 0 201 0 0 201 0 0 0 0 0 0 0 0 0 0 0 0 0 0 0 0 0 0 0 0 0 0 0 0 0 0 0 0 0 0 0 0 0 0 0 3 3 3 12 9 0 0 9 9 0 3 0 0 3 0 0 0 0 0 0 0 0 0 0 0 197 197 197 0 0 0 0 0 0 0 0 0 0 4 4 4 0 0 0 0 0 0 0 0 0 0 3 3 3 0 0 0 0 0 0 0 0 0 0 0 0 0 0 0 0 0 0 0 0 0 0 0 0 0 0 0 0 0 0 0 0 0 0 0 0 0 0 0 0 0 0 0 0 0 0 0 0 0 0 0 0 0 0 0 0 0 0 0 0 0 8 8 0 0 8 
889:/opt/homebrew/share/lua/5.4/pl/tablex.lua
0 0 0 0 0 0 0 0 0 0 0 0 0 0 0 0 0 0 0 0 0 2 2 0 0 0 0 0 0 0 0 0 0 0 0 0 0 0 2 0 0 2 0 0 4 0 0 4 0 0 0 0 0 0 0 0 0 0 0 0 0 0 0 0 0 0 0 0 0 0 0 0 0 0 0 0 0 0 0 0 0 0 0 0 0 0 0 0 0 4 4 244 240 4 4 0 0 0 0 0 0 0 0 0 0 0 0 0 0 0 0 0 0 0 0 0 0 0 0 0 0 0 0 0 0 0 0 0 0 0 0 0 0 0 0 0 0 0 0 0 0 0 0 0 0 0 0 0 0 0 0 0 0 0 0 0 0 0 0 0 0 0 0 0 0 0 0 0 0 0 0 0 0 0 0 0 0 0 0 0 0 0 0 0 0 0 0 0 0 0 0 0 0 0 0 0 0 0 0 0 0 0 0 0 0 0 0 0 0 0 0 0 0 0 0 0 0 0 0 0 0 0 0 0 0 0 0 0 0 0 0 0 0 0 0 0 0 0 0 0 0 0 0 0 0 0 0 0 0 0 0 0 0 0 0 0 0 0 0 0 0 0 0 0 0 0 0 0 0 0 0 0 0 0 0 0 0 0 0 0 0 0 0 0 0 0 0 0 0 0 0 0 0 0 0 0 0 0 0 0 0 0 0 0 0 0 0 0 0 0 0 0 0 0 0 0 0 0 0 0 0 0 0 0 0 0 0 0 0 0 0 0 0 0 0 0 0 0 0 0 0 0 0 0 0 0 0 0 0 0 0 0 0 0 0 0 0 0 0 0 0 0 0 0 0 0 0 0 0 0 0 0 0 0 0 0 0 0 0 0 0 0 0 0 0 0 0 0 0 0 0 0 0 0 0 0 0 0 0 0 0 0 0 0 0 0 0 0 0 0 0 0 0 0 0 0 0 0 0 0 0 0 0 0 0 0 0 0 0 0 0 0 0 0 0 0 0 0 0 0 0 0 0 0 0 0 0 0 0 0 0 0 0 0 0 0 0 0 0 0 0 0 0 0 0 0 0 0 0 0 0 0 0 0 0 0 0 0 0 0 0 0 0 0 0 0 0 0 0 0 0 0 0 0 0 0 0 0 0 0 0 0 0 0 0 0 0 0 0 0 0 0 0 0 0 0 0 0 0 0 0 0 0 0 0 0 0 0 0 0 0 0 0 0 0 0 0 0 0 0 0 0 0 0 0 0 0 0 0 0 0 0 0 0 0 0 0 0 0 0 0 0 0 0 0 0 0 0 0 0 0 0 0 0 0 0 0 0 0 0 0 0 0 0 0 0 0 0 0 0 0 0 0 0 0 0 0 0 0 0 0 0 0 0 0 0 0 0 0 0 0 0 0 0 0 0 0 0 0 0 0 0 0 0 0 0 0 0 0 0 0 0 0 0 0 0 0 0 0 0 0 0 0 0 0 0 0 0 0 0 0 0 0 0 0 0 0 0 0 0 0 0 0 0 0 0 0 0 0 0 0 0 0 0 0 0 0 0 0 0 0 0 0 0 0 0 0 0 0 0 0 0 0 0 0 0 0 0 0 0 0 0 0 0 0 0 0 0 0 0 0 0 0 0 0 0 0 0 0 0 0 0 0 0 2 2 2 9 7 7 6 6 0 0 2 0 0 0 0 0 0 0 0 0 0 0 0 0 0 0 0 0 0 0 0 0 0 0 0 0 0 0 0 0 0 0 0 0 0 0 0 0 0 0 0 0 0 0 0 0 0 0 0 0 0 0 0 0 0 0 0 0 0 0 0 0 0 0 0 0 0 0 0 0 0 0 0 0 0 0 0 0 0 0 0 0 0 0 0 0 0 0 0 0 0 0 0 0 0 0 0 0 0 0 0 0 0 0 0 0 0 0 0 0 0 0 0 0 0 0 0 0 0 0 0 0 0 0 0 0 0 0 0 0 0 0 0 0 0 0 0 0 1 1 1 1 0 0 0 1 1 0 0 1 4 3 0 0 1 
115:/opt/homebrew/share/lua/5.4/pl/types.lua
0 0 0 0 0 0 0 0 0 0 0 0 0 0 0 0 0 0 0 0 0 0 0 0 0 0 0 0 0 0 0 0 0 0 0 0 0 0 0 0 0 0 0 0 0 0 0 0 0 0 0 0 0 0 0 0 0 0 0 0 0 0 0 0 0 0 0 0 0 0 0 0 0 0 0 0 0 0 0 0 0 0 0 0 6 0 0 0 0 0 0 0 0 0 0 0 0 0 2 2 0 0 0 0 0 0 0 0 0 0 0 0 0 4 4 
691:/opt/homebrew/share/lua/5.4/pl/utils.lua
0 0 0 0 0 0 0 0 0 0 0 0 0 0 0 0 0 0 0 0 0 0 0 0 0 0 0 0 0 0 0 0 0 0 0 0 0 0 0 0 0 0 0 0 0 0 0 0 0 0 0 0 0 0 0 0 0 0 0 0 0 0 0 0 0 0 0 0 0 0 0 0 0 0 0 0 0 0 0 0 0 0 0 0 0 0 0 0 0 0 0 0 0 0 0 0 0 0 0 0 0 0 0 0 0 0 0 0 0 0 0 0 0 0 0 0 0 0 0 0 0 0 0 0 0 0 0 0 0 0 0 0 0 0 0 0 0 0 0 0 0 0 0 0 0 0 0 0 0 0 0 0 0 0 0 0 0 0 0 0 0 0 0 0 0 0 0 0 0 0 0 0 0 0 0 0 0 0 0 0 0 0 0 0 0 0 0 0 0 0 0 0 0 0 0 0 0 0 0 0 0 0 0 0 0 0 0 0 0 0 0 0 0 0 0 0 0 0 0 0 0 0 0 0 0 0 0 0 0 0 0 0 0 0 0 0 0 0 0 0 0 0 0 0 0 0 0 0 0 0 0 0 0 0 0 0 0 0 0 0 0 0 0 0 0 0 0 0 0 0 0 0 0 0 0 0 0 0 0 0 0 0 0 0 0 0 0 0 0 441 0 0 441 0 0 441 0 0 0 0 0 0 0 0 0 0 0 0 0 0 0 0 0 0 0 0 0 0 0 0 0 0 0 0 0 0 0 0 0 0 0 0 0 0 0 0 0 0 0 0 0 0 0 0 0 0 0 0 0 0 0 0 0 0 0 0 0 0 0 0 0 0 0 0 0 0 0 0 0 0 0 0 0 0 0 0 0 0 0 0 0 0 0 0 0 0 0 0 0 0 0 0 0 0 0 0 0 0 0 0 0 0 0 0 0 0 0 0 0 0 0 0 0 0 0 0 0 0 0 0 0 0 0 0 0 0 0 0 0 0 0 0 0 0 2 2 2 0 0 0 0 0 0 0 0 0 0 0 0 0 0 0 0 0 0 0 0 0 0 0 0 0 0 0 0 0 0 0 0 0 0 0 0 0 437 0 0 0 0 0 0 0 0 0 0 0 0 0 0 0 0 0 0 0 0 0 0 0 0 0 0 0 0 0 0 0 0 0 0 0 0 0 0 0 0 0 0 0 0 0 0 0 0 0 0 0 0 0 0 0 0 0 0 0 0 0 0 0 0 0 0 0 0 0 0 0 0 0 0 0 0 0 0 0 0 0 0 0 0 0 0 0 0 0 0 0 0 0 0 0 0 0 0 0 0 0 0 0 0 0 0 0 0 0 0 0 0 0 0 0 0 0 0 0 0 0 0 0 0 0 0 0 0 0 0 0 0 0 0 0 0 0 0 0 0 0 0 0 0 0 0 0 0 0 0 0 0 0 0 0 0 0 0 0 0 0 0 0 0 0 0 0 0 0 0 0 0 0 0 0 0 0 0 0 0 0 0 0 0 0 0 0 0 0 0 0 0 0 0 0 0 0 0 0 0 0 0 0 0 0 0 0 0 0 0 0 0 0 0 4 4 
52:/opt/homebrew/share/lua/5.4/say/init.lua
0 0 0 0 0 0 0 0 0 0 0 0 0 1 1 0 0 1 0 0 0 0 0 0 0 0 0 19 19 0 0 0 0 115 0 0 115 115 0 115 0 115 0 0 115 115 0 395 280 0 0 115 
39:/opt/homebrew/share/lua/5.4/term/colors.lua
0 0 0 0 0 0 0 0 0 0 0 0 0 0 0 0 0 0 0 0 0 0 0 0 0 0 0 0 0 0 116 0 0 0 116 0 0 0 58 
275:Core/EventBus.lua
0 0 0 0 18 0 0 0 0 0 18 18 0 0 18 18 18 18 18 18 18 18 0 0 0 18 18 18 18 18 0 0 0 0 0 0 0 18 27 2 0 0 25 19 0 0 25 25 25 25 25 0 0 25 25 0 25 18 0 0 18 1 0 0 0 1 2 1 0 0 0 0 0 0 1 18 0 0 18 18 0 0 0 18 18 2 0 0 0 16 16 16 16 0 0 0 37 21 0 0 21 21 0 0 0 20 0 0 0 16 16 34 0 0 0 0 0 0 18 1 19 0 18 1 19 0 0 18 1 19 0 18 1 19 0 0 18 0 18 0 0 18 0 18 0 0 18 1 19 0 0 0 0 0 0 18 1 1 1 18 0 0 18 1 18 0 0 18 1 18 0 0 18 0 18 0 0 18 1 18 0 0 0 0 0 0 18 6 6 0 12 6 6 0 6 13 7 0 0 6 6 6 6 6 0 6 6 6 6 6 6 6 18 0 0 18 1 0 2 2 1 2 1 1 1 1 1 0 0 1 0 1 18 0 0 18 0 0 0 0 0 0 0 0 0 0 0 18 0 0 18 21 21 21 21 39 0 0 0 0 0 0 18 0 1 0 0 1 19 0 0 18 0 0 18 
246:Core/TablePool.lua
0 0 0 0 32 0 0 0 0 0 32 32 0 0 32 32 32 32 0 0 0 32 32 32 32 0 0 0 32 32 32 32 0 0 0 32 32 32 32 32 32 32 32 32 32 32 32 32 32 32 32 32 32 32 0 0 0 0 0 0 0 32 157 157 157 0 157 1 0 0 156 0 156 0 132 132 132 0 0 132 0 0 0 0 0 0 0 870 738 132 0 0 872 740 2 0 132 0 0 24 135 111 24 24 0 0 156 32 0 0 32 144 3 0 0 141 141 0 141 0 0 0 0 141 0 141 0 0 141 0 0 173 0 0 0 0 0 0 32 116 32 0 32 111 143 0 0 32 17 32 0 32 11 43 0 0 32 2 32 0 32 1 33 0 0 0 0 0 0 32 7 7 7 0 28 21 21 21 7 0 7 7 7 7 7 7 7 7 7 7 7 7 7 7 7 7 32 0 0 32 0 0 0 0 0 0 0 0 0 0 0 0 32 0 0 32 72 54 18 0 72 54 18 50 0 0 32 0 11 10 0 6 5 0 4 3 0 0 0 4 3 1 33 0 0 32 
530:Tracking/RingBuffer.lua
0 0 0 0 20 0 0 0 0 0 20 20 0 0 20 20 20 20 20 0 0 0 20 20 0 0 0 0 0 0 20 20 0 0 20 18 2 0 0 0 20 0 0 20 20 0 0 20 3320 3300 3300 3300 3300 3300 3300 0 0 0 20 20 20 20 0 0 20 20 20 0 20 20 0 0 0 0 0 0 20 56 0 0 56 0 0 0 0 56 56 56 56 0 0 56 56 56 0 0 56 56 76 0 0 20 3 3 3 0 3 3 0 0 3 3 1 0 0 3 9 8 0 8 8 5 5 5 5 5 5 3 0 0 0 0 0 6 6 6 0 0 0 0 3 20 0 0 20 2 2 2 20 0 0 20 2 2 2 0 0 2 2 0 0 0 2 17 15 0 15 15 15 15 15 15 15 0 0 15 15 15 1 1 0 0 2 20 0 0 0 0 0 0 20 5 5 0 5 5 2 0 0 5 13 9 0 9 9 8 8 1 0 0 0 0 8 8 8 2 2 0 0 5 20 0 0 20 3 3 3 20 0 0 20 1 1 20 0 0 20 1 1 20 0 0 20 1 0 1 0 1 1 0 0 0 1 4 3 0 3 3 3 2 2 0 3 0 0 0 0 0 3 3 3 1 1 0 0 1 20 0 0 20 0 0 0 20 0 0 0 0 0 0 20 101 100 100 100 100 100 0 0 1 1 1 1 21 0 0 20 6 2 0 0 4 4 0 0 0 4 4 4 4 4 4 4 0 0 0 20 0 0 20 2 1 0 0 0 0 1 0 1 1 1 1 1 1 1 0 0 0 20 0 0 20 0 0 0 0 0 0 0 0 0 0 0 0 0 20 0 0 0 0 0 0 20 1 1 0 1 1 1 0 0 1 1 1 1 1 0 0 1 1 1 0 0 1 1 1 0 0 1 1 1 0 0 1 1 20 0 0 20 0 0 0 0 0 0 0 0 0 0 20 0 0 0 0 0 0 20 0 0 20 4 1 0 0 3 3 3 20 0 0 20 1 20 0 0 20 1 20 0 0 20 0 20 0 0 20 0 0 0 0 0 20 0 0 20 0 0 0 0 0 0 20 0 0 0 0 0 0 20 0 0 0 0 0 0 0 0 0 0 0 0 0 0 0 0 0 0 20 0 0 20 0 0 0 0 0 0 0 0 0 0 0 20 0 0 0 0 0 0 20 0 0 0 0 0 0 20 0 0 20 
265:tests/Core/EventBus_spec.lua
1 0 2 1 0 0 2 0 18 18 0 0 18 18 18 0 0 18 18 0 19 0 2 2 1 1 1 1 1 2 0 2 1 1 1 1 2 2 0 2 2 1 2 0 1 1 0 1 2 0 2 1 2 2 0 1 1 1 0 1 2 0 2 1 0 1 2 0 1 1 1 0 1 1 1 1 1 1 2 0 2 2 1 1 0 2 1 1 2 2 0 2 2 1 2 0 1 0 0 1 1 0 1 1 0 1 1 2 0 2 2 3 0 1 1 0 1 1 0 1 1 2 0 2 0 2 1 2 2 0 2 1 2 2 2 0 1 1 1 1 0 1 2 2 0 2 2 1 2 2 3 0 1 1 1 1 0 1 1 1 2 0 2 1 2 1 2 0 1 1 1 1 1 2 0 2 1 2 1 2 0 1 1 1 1 1 2 0 2 1 2 1 2 0 1 1 1 1 1 2 2 0 2 2 1 1 1 0 1 1 1 1 2 0 2 3 2 0 1 1 1 0 1 0 1 1 2 2 0 2 2 1 1 0 1 0 1 1 0 0 1 1 1 1 1 2 2 0 2 2 1 2 2 2 0 0 2 1 2 0 0 1 2 2 3 
234:tests/Core/TablePool_spec.lua
1 0 2 1 0 0 2 0 14 14 0 0 14 14 0 0 14 14 0 15 0 2 2 1 1 1 1 1 1 2 0 2 1 1 1 1 2 2 0 2 2 1 1 1 1 1 0 0 1 1 0 0 1 0 0 1 1 1 1 2 0 2 1 1 1 1 1 0 1 1 0 1 1 2 0 2 1 1 1 1 1 0 1 1 0 1 1 2 2 0 2 2 1 1 1 0 1 1 1 0 1 1 1 2 0 2 2 1 1 2 2 0 2 2 1 0 1 1 0 1 1 0 1 1 0 1 1 2 0 2 1 0 0 101 100 100 0 0 1 0 1 2 2 0 2 2 1 1 1 0 1 0 1 1 1 1 2 0 2 1 1 1 0 1 0 1 1 2 2 0 2 2 1 0 0 1 6 5 0 0 1 1 1 0 0 4 3 0 0 3 2 0 0 1 1 1 2 0 2 1 0 0 11 10 10 0 0 0 6 5 0 0 1 1 2 2 0 2 2 0 0 1 1 0 0 0 2 1 1 1 2 2 2 3 
274:tests/Tracking/RingBuffer_spec.lua
1 0 2 1 0 0 2 0 20 20 0 0 20 20 21 0 2 2 1 1 1 0 0 1 0 2 1 1 1 2 2 0 2 2 1 1 0 1 1 0 1 0 1 1 1 2 0 2 1 1 0 1 1 1 1 0 1 0 0 0 1 0 2 1 0 0 1 1 1 0 0 0 0 1 2 0 2 2 1 1 0 0 6 5 0 0 0 1 1 1 0 1 0 2 1 1 0 0 1 1 1 1 0 1 1 1 0 1 0 2 1 1 0 11 10 0 0 1 1 2 2 0 2 2 1 1 0 1 1 1 0 1 1 2 0 2 1 1 0 1 1 1 0 1 1 2 0 2 1 1 0 1 1 1 0 1 1 2 0 2 1 1 0 1 1 1 0 1 1 1 2 0 2 2 1 0 1 1 0 1 0 1 1 1 2 2 0 2 2 1 1 0 1 1 1 0 1 1 1 0 0 0 0 1 2 0 2 2 1 1 0 1 0 1 1 2 0 2 1 1 1 1 1 0 2 1 1 1 1 1 2 0 2 2 1 0 1 1 0 1 1 1 1 0 2 1 0 1 1 0 1 1 0 1 1 2 0 2 1 1 0 0 11 10 0 0 0 1 1 0 0 1 2 3 
280:tests/spec_helper.lua
0 0 0 3 0 0 3 3 0 3 0 0 0 3 3 70 70 0 0 0 0 0 0 70 70 70 0 0 0 70 3 0 0 3 3 70 70 0 0 70 3 0 0 3 3 0 3 0 0 0 0 0 0 0 3 0 3 0 3 0 3 0 3 0 3 0 3 0 3 0 3 0 3 0 3 0 3 0 3 0 3 0 3 0 3 0 3 0 3 0 0 0 0 0 0 0 3 0 3 0 3 0 3 0 0 0 0 0 0 0 0 0 0 0 0 3 0 3 0 0 0 0 0 0 0 0 0 0 3 0 0 3 0 0 0 0 0 0 0 0 0 0 0 0 0 0 0 3 0 0 3 151 3 0 3 0 3 0 0 3 0 0 3 0 0 3 0 3 0 3 0 0 0 0 0 0 3 0 3 0 3 0 3 0 3 0 3 0 3 0 3 0 3 0 0 3 0 0 0 0 0 0 3 0 0 3 0 0 0 0 0 0 0 3 0 0 3 3 3 0 0 3 3 0 0 0 3 0 0 0 0 0 3 0 0 3 3 0 0 3 3 0 0 0 3 0 0 0 0 0 0 0 0 3 3 0 0 3 0 0 3 3 0 0 3 45 42 36 0 3 6 0 0 3 0 0 0 3 0 3 
